<?xml version="1.0" encoding="UTF-8"?>
<!-- Generated by org.testng.reporters.JUnitReportReporter -->
<testsuite hostname="HP250G7" failures="0" tests="1" name="readExcelUsingApachePOI.ReadExcelusingexcelConfigUtility" time="0.473" errors="0" timestamp="2020-08-23T00:18:27 IST" skipped="0">
  <testcase classname="readExcelUsingApachePOI.ReadExcelusingexcelConfigUtility" name="readExcelFile" time="0.473"/>
  <system-out/>
</testsuite> <!-- readExcelUsingApachePOI.ReadExcelusingexcelConfigUtility -->
