<?xml version="1.0" encoding="UTF-8"?>
<!-- Generated by org.testng.reporters.JUnitReportReporter -->
<testsuite hostname="HP250G7" failures="0" tests="1" name="screenshot.CaptureScreenshotWithUtility" time="11.991" errors="0" timestamp="2020-07-19T15:35:11 IST" skipped="0">
  <testcase classname="screenshot.CaptureScreenshotWithUtility" name="screenShot" time="11.991"/>
  <system-out/>
</testsuite> <!-- screenshot.CaptureScreenshotWithUtility -->
