<?xml version="1.0" encoding="UTF-8"?>
<!-- Generated by org.testng.reporters.JUnitReportReporter -->
<testsuite hostname="HP250G7" failures="0" tests="1" name="readExcelUsingApachePOI.ReadExcelusingLoop" time="0.439" errors="0" timestamp="2020-08-22T23:51:48 IST" skipped="0">
  <testcase classname="readExcelUsingApachePOI.ReadExcelusingLoop" name="readExcelFile" time="0.439"/>
  <system-out/>
</testsuite> <!-- readExcelUsingApachePOI.ReadExcelusingLoop -->
