<?xml version="1.0" encoding="UTF-8"?>
<!-- Generated by org.testng.reporters.JUnitReportReporter -->
<testsuite hostname="HP250G7" failures="0" tests="1" name="mouseEvent.RightClick" time="114.572" errors="0" timestamp="2020-08-02T22:30:01 IST" skipped="0">
  <testcase classname="mouseEvent.RightClick" name="doubleClickDemo" time="114.572"/>
  <system-out/>
</testsuite> <!-- mouseEvent.RightClick -->
