<?xml version="1.0" encoding="UTF-8"?>
<!-- Generated by org.testng.reporters.JUnitReportReporter -->
<testsuite hostname="HP250G7" failures="0" tests="1" name="ConfigurationDemo.TestSeleniumBlog" time="0.007" errors="0" timestamp="2020-08-22T19:45:30 IST" skipped="0">
  <testcase classname="ConfigurationDemo.TestSeleniumBlog" name="testConfig" time="0.007"/>
  <system-out/>
</testsuite> <!-- ConfigurationDemo.TestSeleniumBlog -->
