<?xml version="1.0" encoding="UTF-8"?>
<!-- Generated by org.testng.reporters.JUnitReportReporter -->
<testsuite hostname="HP250G7" failures="0" tests="1" name="mouseEvent.MouseHover" time="153.158" errors="0" timestamp="2020-08-03T19:06:00 IST" skipped="0">
  <testcase classname="mouseEvent.MouseHover" name="mouseHoverDemo" time="153.158"/>
  <system-out/>
</testsuite> <!-- mouseEvent.MouseHover -->
