<?xml version="1.0" encoding="UTF-8"?>
<!-- Generated by org.testng.reporters.JUnitReportReporter -->
<testsuite hostname="HP250G7" failures="0" tests="1" name="dropdown.DropdownInAscendingOrder2" time="11.064" errors="0" timestamp="2020-07-18T17:31:29 IST" skipped="0">
  <testcase classname="dropdown.DropdownInAscendingOrder2" name="Ascendingorderlist" time="11.064"/>
  <system-out/>
</testsuite> <!-- dropdown.DropdownInAscendingOrder2 -->
