<?xml version="1.0" encoding="UTF-8"?>
<!-- Generated by org.testng.reporters.JUnitReportReporter -->
<testsuite hostname="HP250G7" failures="0" tests="1" name="pomTestCases.VerifyLoginPage" time="61.221" errors="0" timestamp="2020-08-18T19:29:18 IST" skipped="0">
  <testcase classname="pomTestCases.VerifyLoginPage" name="verifyValidLogin" time="61.221"/>
  <system-out/>
</testsuite> <!-- pomTestCases.VerifyLoginPage -->
