<?xml version="1.0" encoding="UTF-8"?>
<!-- Generated by org.testng.reporters.JUnitReportReporter -->
<testsuite hostname="HP250G7" failures="0" tests="1" name="handleMultipleWindows.HandleMultipleTabsdfs" time="55.595" errors="0" timestamp="2020-08-12T23:05:16 IST" skipped="0">
  <testcase classname="handleMultipleWindows.HandleMultipleTabsdfs" name="multipleTab" time="55.595"/>
  <system-out/>
</testsuite> <!-- handleMultipleWindows.HandleMultipleTabsdfs -->
