<?xml version="1.0" encoding="UTF-8"?>
<!-- Generated by org.testng.reporters.JUnitReportReporter -->
<testsuite hostname="HP250G7" failures="0" tests="1" name="wait.FluentWait" time="26.060" errors="0" timestamp="2020-08-11T21:45:25 IST" skipped="0">
  <testcase classname="wait.FluentWait" name="fluentWaitDemo" time="26.060"/>
  <system-out/>
</testsuite> <!-- wait.FluentWait -->
