<?xml version="1.0" encoding="UTF-8"?>
<!-- Generated by org.testng.reporters.JUnitReportReporter -->
<testsuite hostname="HP250G7" failures="0" tests="1" name="scrolling.ScrollDownVertical" time="31.677" errors="0" timestamp="2020-08-03T23:16:16 IST" skipped="0">
  <testcase classname="scrolling.ScrollDownVertical" name="verticalUpScrolling" time="31.677"/>
  <system-out/>
</testsuite> <!-- scrolling.ScrollDownVertical -->
