<?xml version="1.0" encoding="UTF-8"?>
<!-- Generated by org.testng.reporters.JUnitReportReporter -->
<testsuite hostname="HP250G7" failures="0" tests="1" name="pomTestCases.VerifyLoginPageForParameterizedPomClass" time="278.606" errors="0" timestamp="2020-08-18T21:14:18 IST" skipped="0">
  <testcase classname="pomTestCases.VerifyLoginPageForParameterizedPomClass" name="verifyValidLogin" time="278.606"/>
  <system-out/>
</testsuite> <!-- pomTestCases.VerifyLoginPageForParameterizedPomClass -->
