<?xml version="1.0" encoding="UTF-8"?>
<!-- Generated by org.testng.reporters.JUnitReportReporter -->
<testsuite hostname="HP250G7" failures="0" tests="1" name="scrolling.ScrollUpVertical" time="22.524" errors="0" timestamp="2020-08-03T23:25:22 IST" skipped="0">
  <testcase classname="scrolling.ScrollUpVertical" name="verticalUpScrolling" time="22.524"/>
  <system-out/>
</testsuite> <!-- scrolling.ScrollUpVertical -->
