<?xml version="1.0" encoding="UTF-8"?>
<!-- Generated by org.testng.reporters.JUnitReportReporter -->
<testsuite hostname="HP250G7" failures="0" tests="2" name="baseClass.LoginPage" time="4.759" errors="0" timestamp="2020-08-16T17:42:48 IST" skipped="0">
  <testcase classname="baseClass.LoginPage" name="logInToApplication" time="2.550"/>
  <system-out>
=====Clicked on Login Button======  </system-out>
  <testcase classname="baseClass.LoginPage" name="projectClick" time="2.209"/>
  <system-out>
=====Clicked on Page Link======  </system-out>
</testsuite> <!-- baseClass.LoginPage -->
