<?xml version="1.0" encoding="UTF-8"?>
<!-- Generated by org.testng.reporters.JUnitReportReporter -->
<testsuite hostname="HP250G7" failures="0" tests="1" name="handleBootstrapPopup.HandleBootstrapSignUp" time="320.307" errors="0" timestamp="2020-08-03T20:42:07 IST" skipped="0">
  <testcase classname="handleBootstrapPopup.HandleBootstrapSignUp" name="signUp" time="320.307"/>
  <system-out/>
</testsuite> <!-- handleBootstrapPopup.HandleBootstrapSignUp -->
