<?xml version="1.0" encoding="UTF-8"?>
<!-- Generated by org.testng.reporters.JUnitReportReporter -->
<testsuite hostname="HP250G7" failures="0" tests="1" name="jsExecutorEvents.ClickUsingJS" time="54.757" errors="0" timestamp="2020-08-03T15:46:09 IST" skipped="0">
  <testcase classname="jsExecutorEvents.ClickUsingJS" name="Click" time="54.757"/>
  <system-out/>
</testsuite> <!-- jsExecutorEvents.ClickUsingJS -->
