<?xml version="1.0" encoding="UTF-8"?>
<!-- Generated by org.testng.reporters.JUnitReportReporter -->
<testsuite hostname="HP250G7" failures="0" tests="1" name="ConfigurationDemo.TestLoginUsingConfigFile" time="25.698" errors="0" timestamp="2020-08-22T20:36:08 IST" skipped="0">
  <testcase classname="ConfigurationDemo.TestLoginUsingConfigFile" name="Login" time="25.698"/>
  <system-out/>
</testsuite> <!-- ConfigurationDemo.TestLoginUsingConfigFile -->
