<?xml version="1.0" encoding="UTF-8"?>
<!-- Generated by org.testng.reporters.JUnitReportReporter -->
<testsuite hostname="HP250G7" failures="0" tests="1" name="pomWithPagefactory.CheckvalidUserTest" time="54.183" errors="0" timestamp="2020-08-19T23:21:59 IST" skipped="0">
  <testcase classname="pomWithPagefactory.CheckvalidUserTest" name="validUser" time="54.183"/>
  <system-out/>
</testsuite> <!-- pomWithPagefactory.CheckvalidUserTest -->
