<?xml version="1.0" encoding="UTF-8"?>
<!-- Generated by org.testng.reporters.JUnitReportReporter -->
<testsuite hostname="HP250G7" failures="0" tests="1" name="mouseEvent.DoubleClick" time="226.516" errors="0" timestamp="2020-08-02T23:00:00 IST" skipped="0">
  <testcase classname="mouseEvent.DoubleClick" name="doubleClickDemo" time="226.516"/>
  <system-out/>
</testsuite> <!-- mouseEvent.DoubleClick -->
