<?xml version="1.0" encoding="UTF-8"?>
<!-- Generated by org.testng.reporters.JUnitReportReporter -->
<testsuite hostname="HP250G7" failures="0" tests="1" name="handleMultipleWindows.SwitchingSpecificTab" time="24.400" errors="0" timestamp="2020-08-12T23:21:52 IST" skipped="0">
  <testcase classname="handleMultipleWindows.SwitchingSpecificTab" name="multipleTab" time="24.400"/>
  <system-out/>
</testsuite> <!-- handleMultipleWindows.SwitchingSpecificTab -->
