<?xml version="1.0" encoding="UTF-8"?>
<!-- Generated by org.testng.reporters.JUnitReportReporter -->
<testsuite hostname="HP250G7" failures="0" tests="1" name="elementHighlighter.HighlightElementNew" time="15.463" errors="0" timestamp="2020-08-22T17:47:00 IST" skipped="0">
  <testcase classname="elementHighlighter.HighlightElementNew" name="highlight" time="15.463"/>
  <system-out/>
</testsuite> <!-- elementHighlighter.HighlightElementNew -->
