<?xml version="1.0" encoding="UTF-8"?>
<!-- Generated by org.testng.reporters.JUnitReportReporter -->
<testsuite hostname="HP250G7" failures="0" tests="1" name="handleMultipleWindows.HandleMultipleTab2" time="41.816" errors="0" timestamp="2020-08-12T22:49:27 IST" skipped="0">
  <testcase classname="handleMultipleWindows.HandleMultipleTab2" name="multipleTab" time="41.816"/>
  <system-out/>
</testsuite> <!-- handleMultipleWindows.HandleMultipleTab2 -->
