<?xml version="1.0" encoding="UTF-8"?>
<!-- Generated by org.testng.reporters.JUnitReportReporter -->
<testsuite hostname="HP250G7" failures="0" tests="1" name="screenshot.CaptureScreenshot" time="11.377" errors="0" timestamp="2020-07-19T14:56:29 IST" skipped="0">
  <testcase classname="screenshot.CaptureScreenshot" name="screenShot" time="11.377"/>
  <system-out/>
</testsuite> <!-- screenshot.CaptureScreenshot -->
