<?xml version="1.0" encoding="UTF-8"?>
<!-- Generated by org.testng.reporters.JUnitReportReporter -->
<testsuite hostname="HP250G7" failures="0" tests="1" name="mouseEvent.DragAndDrop" time="41.136" errors="0" timestamp="2020-08-03T19:19:59 IST" skipped="0">
  <testcase classname="mouseEvent.DragAndDrop" name="dragAndDropDemo" time="41.136"/>
  <system-out/>
</testsuite> <!-- mouseEvent.DragAndDrop -->
