<?xml version="1.0" encoding="UTF-8"?>
<!-- Generated by org.testng.reporters.JUnitReportReporter -->
<testsuite hostname="HP250G7" failures="0" tests="1" name="ConfigurationDemo.TestLoginUsingConfigUtility" time="10.452" errors="0" timestamp="2020-08-22T20:54:33 IST" skipped="0">
  <testcase classname="ConfigurationDemo.TestLoginUsingConfigUtility" name="Login" time="10.452"/>
  <system-out/>
</testsuite> <!-- ConfigurationDemo.TestLoginUsingConfigUtility -->
