<?xml version="1.0" encoding="UTF-8"?>
<!-- Generated by org.testng.reporters.JUnitReportReporter -->
<testsuite hostname="HP250G7" failures="0" tests="1" name="handleUntrustedCertificate.HandleSecureCertificate" time="12.509" errors="0" timestamp="2020-08-14T21:08:57 IST" skipped="0">
  <testcase classname="handleUntrustedCertificate.HandleSecureCertificate" name="CertificateHandle" time="12.509"/>
  <system-out/>
</testsuite> <!-- handleUntrustedCertificate.HandleSecureCertificate -->
