<?xml version="1.0" encoding="UTF-8"?>
<!-- Generated by org.testng.reporters.JUnitReportReporter -->
<testsuite hostname="HP250G7" failures="0" tests="1" name="jsExecutorEvents.ValueUsingJS" time="69.898" errors="0" timestamp="2020-08-03T15:58:11 IST" skipped="0">
  <testcase classname="jsExecutorEvents.ValueUsingJS" name="value" time="69.898"/>
  <system-out/>
</testsuite> <!-- jsExecutorEvents.ValueUsingJS -->
