<?xml version="1.0" encoding="UTF-8"?>
<!-- Generated by org.testng.reporters.JUnitReportReporter -->
<testsuite hostname="HP250G7" failures="0" tests="1" name="mouseEvent.DraggableDragAndDrop" time="181.493" errors="0" timestamp="2020-08-03T20:08:58 IST" skipped="0">
  <testcase classname="mouseEvent.DraggableDragAndDrop" name="draggable" time="181.493"/>
  <system-out/>
</testsuite> <!-- mouseEvent.DraggableDragAndDrop -->
