<?xml version="1.0" encoding="UTF-8"?>
<!-- Generated by org.testng.reporters.JUnitReportReporter -->
<testsuite hostname="HP250G7" failures="0" tests="1" name="readExcelUsingApachePOI.ReadExcel" time="0.530" errors="0" timestamp="2020-08-22T23:40:52 IST" skipped="0">
  <testcase classname="readExcelUsingApachePOI.ReadExcel" name="readExcelFile" time="0.530"/>
  <system-out/>
</testsuite> <!-- readExcelUsingApachePOI.ReadExcel -->
