<?xml version="1.0" encoding="UTF-8"?>
<!-- Generated by org.testng.reporters.JUnitReportReporter -->
<testsuite hostname="HP250G7" failures="0" tests="1" name="handleMultipleWindows.HandleMultipleAdvertisingPopUpWindow" time="42.144" errors="0" timestamp="2020-08-12T23:31:11 IST" skipped="0">
  <testcase classname="handleMultipleWindows.HandleMultipleAdvertisingPopUpWindow" name="multipleTab" time="42.144"/>
  <system-out/>
</testsuite> <!-- handleMultipleWindows.HandleMultipleAdvertisingPopUpWindow -->
