<?xml version="1.0" encoding="UTF-8"?>
<!-- Generated by org.testng.reporters.JUnitReportReporter -->
<testsuite hostname="HP250G7" failures="0" tests="1" name="wait.setScriptTimeout" time="182.414" errors="0" timestamp="2020-07-28T19:59:25 IST" skipped="0">
  <testcase classname="wait.setScriptTimeout" name="setscript" time="182.414"/>
  <system-out/>
</testsuite> <!-- wait.setScriptTimeout -->
