<?xml version="1.0" encoding="UTF-8"?>
<!-- Generated by org.testng.reporters.JUnitReportReporter -->
<testsuite hostname="HP250G7" failures="0" tests="1" name="wait.ImplicitWait" time="22.144" errors="0" timestamp="2020-08-22T14:41:31 IST" skipped="0">
  <testcase classname="wait.ImplicitWait" name="implicitlyWait" time="22.144"/>
  <system-out/>
</testsuite> <!-- wait.ImplicitWait -->
