<?xml version="1.0" encoding="UTF-8"?>
<!-- Generated by org.testng.reporters.JUnitReportReporter -->
<testsuite hostname="HP250G7" failures="0" tests="1" name="Frames.HandleFrameUsingWebElement" time="214.481" errors="0" timestamp="2020-07-26T21:12:21 IST" skipped="0">
  <testcase classname="Frames.HandleFrameUsingWebElement" name="testFrames" time="214.481"/>
  <system-out/>
</testsuite> <!-- Frames.HandleFrameUsingWebElement -->
