<?xml version="1.0" encoding="UTF-8"?>
<!-- Generated by org.testng.reporters.JUnitReportReporter -->
<testsuite hostname="HP250G7" failures="0" tests="1" name="wait.ExplicitWait" time="20.412" errors="0" timestamp="2020-08-22T14:39:24 IST" skipped="0">
  <testcase classname="wait.ExplicitWait" name="explicitlyWait" time="20.412"/>
  <system-out/>
</testsuite> <!-- wait.ExplicitWait -->
